<?xml version="1.0" encoding="UTF-8"?>
<!-- Generated by org.testng.reporters.JUnitReportReporter -->
<testsuite hostname="DESKTOP-1OQPK0U" failures="0" tests="4" name="TestNGTutorial.Annotations" time="0.017" errors="0" timestamp="2020-11-14T10:49:55 IST" skipped="0">
  <testcase classname="TestNGTutorial.Annotations" name="Test1" time="0.006"/>
  <system-out/>
  <testcase classname="TestNGTutorial.Annotations" name="Test2" time="0.002"/>
  <system-out/>
  <testcase classname="TestNGTutorial.Annotations" name="Test3" time="0.007"/>
  <system-out/>
  <testcase classname="TestNGTutorial.Annotations" name="Test4" time="0.002"/>
  <system-out/>
</testsuite> <!-- TestNGTutorial.Annotations -->
