<?xml version="1.0" encoding="UTF-8"?>
<!-- Generated by org.testng.reporters.JUnitReportReporter -->
<testsuite hostname="DESKTOP-1OQPK0U" failures="0" tests="10" name="TestNGTutorial.RerunTestCases" time="0.030" errors="0" timestamp="2020-11-11T16:34:49 IST" skipped="0">
  <testcase classname="TestNGTutorial.RerunTestCases" name="runtestmultimes" time="0.001"/>
  <system-out/>
  <testcase classname="TestNGTutorial.RerunTestCases" name="runtestmultimes" time="0.002"/>
  <system-out/>
  <testcase classname="TestNGTutorial.RerunTestCases" name="runtestmultimes" time="0.002"/>
  <system-out/>
  <testcase classname="TestNGTutorial.RerunTestCases" name="runtestmultimes" time="0.001"/>
  <system-out/>
  <testcase classname="TestNGTutorial.RerunTestCases" name="runtestmultimes" time="0.003"/>
  <system-out/>
  <testcase classname="TestNGTutorial.RerunTestCases" name="runtestmultimes" time="0.002"/>
  <system-out/>
  <testcase classname="TestNGTutorial.RerunTestCases" name="runtestmultimes" time="0.002"/>
  <system-out/>
  <testcase classname="TestNGTutorial.RerunTestCases" name="runtestmultimes" time="0.005"/>
  <system-out/>
  <testcase classname="TestNGTutorial.RerunTestCases" name="runtestmultimes" time="0.010"/>
  <system-out/>
  <testcase classname="TestNGTutorial.RerunTestCases" name="runtestmultimes" time="0.002"/>
  <system-out/>
</testsuite> <!-- TestNGTutorial.RerunTestCases -->
