<?xml version="1.0" encoding="UTF-8"?>
<!-- Generated by org.testng.reporters.JUnitReportReporter -->
<testsuite hostname="DESKTOP-1OQPK0U" failures="0" tests="2" name="TestNGTutorial.TestNGBasics" time="0.010" errors="0" timestamp="2020-11-10T17:30:54 IST" skipped="0">
  <testcase classname="TestNGTutorial.TestNGBasics" name="testcase1" time="0.007"/>
  <system-out/>
  <testcase classname="TestNGTutorial.TestNGBasics" name="testcase2" time="0.003"/>
  <system-out/>
</testsuite> <!-- TestNGTutorial.TestNGBasics -->
