<?xml version="1.0" encoding="UTF-8"?>
<!-- Generated by org.testng.reporters.JUnitReportReporter -->
<testsuite hostname="DESKTOP-1OQPK0U" failures="0" tests="1" name="TestNGTutorial.ParameterTesting" time="0.011" errors="0" timestamp="2020-11-21T14:19:37 IST" skipped="0">
  <testcase classname="TestNGTutorial.ParameterTesting" name="test1" time="0.011"/>
  <system-out/>
</testsuite> <!-- TestNGTutorial.ParameterTesting -->
